<?xml version="1.0" encoding="UTF-8"?>
<!-- Generated by org.testng.reporters.JUnitXMLReporter -->
<testsuite ignored="0" hostname="LAPTOP-8TP6OQIJ" failures="1" tests="2" name="Test" time="15.881" errors="0" timestamp="2022-11-03T08:02:59 IST">
  <testcase classname="TestCases.verifySignup" name="signup" time="8.854"/>
  <testcase classname="TestCases.VerifyLogin" name="login" time="0.557">
    <failure type="java.lang.AssertionError" message="The following asserts failed:
	expected [Please check your password. If you still can&amp;apos;t log in, contact your Salesforce administrator.] but found [Please check your username and password. If you still can&amp;apos;t log in, contact your Salesforce administrator.]">
      <![CDATA[java.lang.AssertionError: The following asserts failed:
expected [Please check your password. If you still can't log in, contact your Salesforce administrator.] but found [Please check your username and password. If you still can't log in, contact your Salesforce administrator.]
at Resources.CommonUtilities.handleAssertions(CommonUtilities.java:33)
at TestCases.VerifyLogin.login(VerifyLogin.java:36)
at java.base/java.util.ArrayList.forEach(ArrayList.java:1511)
... Removed 29 stack frames]]>
    </failure>
  </testcase> <!-- login -->
</testsuite> <!-- Test -->
